20230815	09:23:48	809963d8-4d86-4ade-8c21-e719c588e812	POST	/api/auth/register	undefined
20230815	09:24:54	be3e7415-a463-432a-9015-4fca4db2fa71	GET	/api/auth/login	undefined
20230815	09:27:34	b4be8ac5-0759-4565-a061-96f74140cc4d	POST	/api/auth/login	undefined
20230815	19:08:44	2808fcc0-e715-4510-8a89-ad0a3cda3027	OPTIONS	/api/auth/login	http://localhost:3000
20230815	19:08:44	99a8d270-e67d-4f6f-9315-6999dd1e6388	POST	/api/auth/login	http://localhost:3000
20230815	19:34:01	a68a467e-3c79-4eaf-b825-2868ddac85b7	OPTIONS	/api/auth/login	http://localhost:3000
20230815	19:34:01	49cfcc0c-0651-41b2-9202-fae9b9454d5f	POST	/api/auth/login	http://localhost:3000
20230815	19:35:47	ee8c7911-ccb9-4741-9e92-a1a0862e2880	OPTIONS	/api/auth/login	http://localhost:3000
20230815	19:35:47	9521ab0d-06f7-45d7-afbb-9bd05197477b	POST	/api/auth/login	http://localhost:3000
20230815	19:36:35	e50080e1-daf2-4d20-beea-feb33d9654a2	OPTIONS	/api/auth/login	http://localhost:3000
20230815	19:36:35	17baa9ba-61cb-4785-b1dd-145d4e296f42	POST	/api/auth/login	http://localhost:3000
20230815	19:39:39	73cc1ee2-b4d2-4ca0-8bf5-53dfe9db53de	OPTIONS	/api/auth/login	http://localhost:3000
20230815	19:39:39	b48c78bd-2abc-4f0f-898c-684a7659a89d	POST	/api/auth/login	http://localhost:3000
20230815	20:15:34	0418a97c-ba1c-404e-b753-55a331580a85	POST	/api/auth/login	undefined
20230815	20:16:48	8e4fa984-8e90-4ae9-b5d8-af5099260340	GET	/api/auth/profile	undefined
20230815	20:41:34	248aa294-752a-465d-a7e7-44a1467ad624	OPTIONS	/api/auth/login	http://localhost:3000
20230815	20:41:34	d2b240fd-1b57-46e3-92b9-afa5ca9bfe22	POST	/api/auth/login	http://localhost:3000
20230815	20:41:35	d7893000-660b-46e0-8a0d-2fa67edcd290	OPTIONS	/api/auth/profile	http://localhost:3000
20230815	20:41:35	9b418b21-acf5-43bc-a3ab-56d0ca51057d	GET	/api/auth/profile	http://localhost:3000
20230815	20:43:09	af1f41a4-26f5-4513-a87b-03720532786d	OPTIONS	/api/auth/profile	http://localhost:3000
20230815	20:43:09	2c043c05-8d9f-41a3-b3ed-16455d2449b7	GET	/api/auth/profile	http://localhost:3000
20230815	20:44:57	232e18ec-b811-442c-89e7-0f0ad42c0f8e	OPTIONS	/api/auth/profile	http://localhost:3000
20230815	20:44:57	f860da2e-5eb6-4ff2-98cf-822c338f810f	GET	/api/auth/profile	http://localhost:3000
20230815	20:45:52	c661c4ef-9a72-4f0b-928a-b20e95cdafcd	OPTIONS	/api/auth/profile	http://localhost:3000
20230815	20:45:52	40e30fb7-7571-42ee-baee-5d7a5edf23d6	GET	/api/auth/profile	http://localhost:3000
20230815	20:53:03	ed1b906a-7a3b-4e6a-8a77-57ce7f3123d2	OPTIONS	/api/auth/profile	http://localhost:3000
20230815	20:53:03	bb7365c7-affb-43f0-8cc8-9c4057a5c489	GET	/api/auth/profile	http://localhost:3000
20230815	21:12:18	8cc1ba91-5a88-4e78-a846-c8c39f49e33c	OPTIONS	/api/auth/profile	http://localhost:3000
20230815	21:12:18	8d1e0fc9-ab14-487c-8a73-63baa647ef14	GET	/api/auth/profile	http://localhost:3000
20230816	06:43:13	b9712e5d-02b7-462e-9051-fd216d8d472d	OPTIONS	/api/auth/login	http://localhost:3000
20230816	06:43:13	cfd59481-5900-4bc5-94c7-94fe3d15ef36	POST	/api/auth/login	http://localhost:3000
20230816	06:43:14	0ee57642-2a23-44b4-b8f0-594ad8d9949c	OPTIONS	/api/auth/profile	http://localhost:3000
20230816	06:43:14	48844731-85c9-4c34-ac87-a5a5e86bb00c	GET	/api/auth/profile	http://localhost:3000
20230816	06:57:17	b15666cc-22fa-464f-aebb-2aedfcdc3e2c	OPTIONS	/api/auth/profile	http://localhost:3000
20230816	06:57:17	78125aef-cb05-40f5-b82b-2c2fddff0f61	GET	/api/auth/profile	http://localhost:3000
20230816	06:58:13	ba07cf89-1cfa-4328-b5f9-1e2d43f12e22	OPTIONS	/api/auth/login	http://localhost:3000
20230816	06:58:13	1e6c981f-e741-481c-b900-200ae497d25a	POST	/api/auth/login	http://localhost:3000
20230816	06:58:14	c1eff970-696e-4aba-b649-f219342f9988	OPTIONS	/api/auth/profile	http://localhost:3000
20230816	06:58:14	33da2993-1382-42c3-8c67-756fb0759662	GET	/api/auth/profile	http://localhost:3000
20230816	06:58:54	b6757aba-1c60-4558-9f9e-a02ab630e795	OPTIONS	/api/auth/login	http://localhost:3000
20230816	06:58:54	bfbaf885-3abf-471d-ae93-b8fe8d75aa0d	POST	/api/auth/login	http://localhost:3000
20230816	06:58:57	1ca60897-73b3-4a3c-991e-3734beac70de	POST	/api/auth/login	http://localhost:3000
20230816	06:58:57	daf396d5-8d42-4e66-b749-8e70ea6f4722	OPTIONS	/api/auth/profile	http://localhost:3000
20230816	06:58:57	1f786aa1-bd6e-45b3-b5af-ddfff28b661d	GET	/api/auth/profile	http://localhost:3000
20230816	07:00:02	392f39e4-35a0-4308-9ef1-4166b30fec9c	OPTIONS	/api/auth/login	http://localhost:3000
20230816	07:00:02	50fb56cc-c97c-42b0-838d-5f6696aa79da	POST	/api/auth/login	http://localhost:3000
20230816	07:00:03	58bdd450-2daa-4ce1-a2ea-01a73d29e9a3	OPTIONS	/api/auth/profile	http://localhost:3000
20230816	07:00:03	8bb10b09-6342-4c49-8711-1ff2f6d6a5be	GET	/api/auth/profile	http://localhost:3000
20230816	08:18:37	5c3316fd-3c09-4f66-ae51-5e776d3591da	OPTIONS	/api/auth/login	http://localhost:3000
20230816	08:18:37	1fb7cd6e-9a4f-4fc6-974a-4c6d74685a02	POST	/api/auth/login	http://localhost:3000
20230816	08:18:37	ea36a2fd-8479-4bd1-8b38-c509dc74b864	OPTIONS	/api/auth/profile	http://localhost:3000
20230816	08:18:37	52590146-a41f-4e5f-a856-356cd6e53f01	GET	/api/auth/profile	http://localhost:3000
20230816	08:28:12	ea7df55a-5afe-4c4e-82cf-a080ab7cfff5	OPTIONS	/api/auth/login	http://localhost:3000
20230816	08:28:12	479bf48f-ecb3-4a78-b7f5-59125caba83a	POST	/api/auth/login	http://localhost:3000
20230816	08:28:12	5e9bd6dc-b1f3-4a0a-a24b-8f7b1f400366	OPTIONS	/api/auth/profile	http://localhost:3000
20230816	08:28:12	b8b0a04b-77f8-4898-ac7f-606332bab4e8	GET	/api/auth/profile	http://localhost:3000
20230816	08:28:57	387143ca-61d0-4997-9237-857f33af4c0e	OPTIONS	/api/auth/profile	http://localhost:3000
20230816	08:28:57	2db5823d-75d7-4de3-a0e7-a15b4205788d	GET	/api/auth/profile	http://localhost:3000
20230816	08:31:17	6263cbd9-e989-4681-a186-811c65cc2c48	OPTIONS	/api/auth/login	http://localhost:3000
20230816	08:31:17	81e6cce5-2e4f-4198-a87c-296c2ab62be1	POST	/api/auth/login	http://localhost:3000
20230816	08:33:26	909a6f54-008f-47c9-8fc9-f3c4d0ac1271	OPTIONS	/api/auth/login	http://localhost:3000
20230816	08:33:26	f6e7b4b0-1cc2-4ba6-b37e-0793991fd41d	POST	/api/auth/login	http://localhost:3000
20230816	08:33:50	a4645e34-3883-45a0-8f1a-936b4d93059a	OPTIONS	/api/auth/login	http://localhost:3000
20230816	08:33:50	40bc81f2-ec63-4566-832d-12f09077a9dc	POST	/api/auth/login	http://localhost:3000
20230816	08:34:03	d85e9f54-fa59-4995-a083-d82f402f6f5e	OPTIONS	/api/auth/login	http://localhost:3000
20230816	08:34:03	1fcbb125-776c-4ccf-a999-f359092b4b36	POST	/api/auth/login	http://localhost:3000
20230816	08:34:09	1a14af75-3351-4710-93ca-6efbe8debfec	OPTIONS	/api/auth/login	http://localhost:3000
20230816	08:34:09	248a611c-5fff-444b-bcff-1d1afda627f7	POST	/api/auth/login	http://localhost:3000
20230816	08:34:10	42833581-d9cf-4649-ae58-fe618e6ece8d	OPTIONS	/api/auth/profile	http://localhost:3000
20230816	08:34:10	abdc6f7a-725b-4da3-93b8-50e3842b68f8	GET	/api/auth/profile	http://localhost:3000
20230817	12:48:06	d34e7ca7-c4c3-4a37-9426-d21ffb5453e2	OPTIONS	/api/auth/login	http://localhost:3000
20230817	12:48:06	967078c9-e2b7-4df7-a0e6-58728ef78a2b	POST	/api/auth/login	http://localhost:3000
20230817	12:48:06	852201ed-00e2-4317-aa22-bdfc149754de	OPTIONS	/api/auth/profile	http://localhost:3000
20230817	12:48:06	f37e8071-2cde-4153-afbe-4750102a2938	GET	/api/auth/profile	http://localhost:3000
20230817	12:55:34	239f4a4e-c251-4de6-b607-192e1dfa712c	OPTIONS	/api/auth/login	http://localhost:3000
20230817	12:56:10	b8832ffe-f5c6-4600-aa1e-bfe94083cb66	OPTIONS	/api/auth/login	http://localhost:3000
20230817	12:56:32	7e05357d-e03d-4534-afa9-6feaaa75fffc	OPTIONS	/api/auth/login	http://localhost:3000
20230817	12:56:32	a65781cc-8aa0-4196-a04f-07dea0dfd5e6	POST	/api/auth/login	http://localhost:3000
20230817	12:56:33	d5c6e8bd-9ada-487b-8ce1-edcc1246943c	OPTIONS	/api/auth/profile	http://localhost:3000
20230817	12:56:33	e0743635-1897-4d46-ae58-ec0f25797fbe	GET	/api/auth/profile	http://localhost:3000
20230817	13:01:03	7ad210a1-d777-4d80-857e-4360a4ba96a6	OPTIONS	/api/auth/login	http://localhost:3000
20230817	13:02:02	99f4b0f4-42e4-45e5-bb79-b1ad4b581099	OPTIONS	/api/auth/login	http://localhost:3000
20230817	13:07:25	5b885709-bdd7-4de2-8460-2979583113eb	OPTIONS	/api/auth/login	http://localhost:3000
20230817	13:08:08	eb8154da-4b1e-4591-b50d-f2ec40d08105	OPTIONS	/api/auth/login	http://localhost:3000
20230817	13:08:32	e53ec9c5-ad8c-473f-b005-1681cc32c7c0	OPTIONS	/api/auth/login	http://localhost:3000
20230817	13:08:34	5e084c5c-9994-4d97-bc1a-9b27d7483eae	OPTIONS	/api/auth/login	http://localhost:3000
20230817	13:09:44	7833b126-afb7-41a4-b637-2f89db5365fc	OPTIONS	/api/auth/login	http://localhost:3000
20230817	13:09:44	a5df7ef7-d78f-4264-bf67-3aa897d6efec	POST	/api/auth/login	http://localhost:3000
20230817	13:09:45	0f285112-5d34-432d-b50b-03a5e832d9a5	OPTIONS	/api/auth/profile	http://localhost:3000
20230817	13:09:45	64ebfe0d-2a80-4e33-afa7-2cb83adfc985	GET	/api/auth/profile	http://localhost:3000
20230817	13:15:17	9ee808f3-b168-42b2-82c9-6d221913d67f	OPTIONS	/api/auth/login	http://localhost:3000
20230817	13:15:45	e0700617-35a8-4705-aa44-a9ab19ad34ae	OPTIONS	/api/auth/login	http://localhost:3000
20230817	13:16:02	d3d49b62-3ba5-4e9d-8ef3-78ed5a768e7f	OPTIONS	/api/auth/login	http://localhost:3000
20230817	13:17:33	141c80ad-2b25-4be7-ad49-cd877ea4f854	OPTIONS	/api/auth/login	http://localhost:3000
20230817	13:17:33	dbc3e860-6ef2-4c0f-b90e-72c95404ef1f	POST	/api/auth/login	http://localhost:3000
20230817	13:17:33	1dc071d2-7aea-42b6-bd8e-2a1d40777351	OPTIONS	/api/auth/profile	http://localhost:3000
20230817	13:17:33	339bd5b1-85f6-4357-ad94-414bd1cfa2a1	GET	/api/auth/profile	http://localhost:3000
20230817	13:18:01	6b5e68b0-38dc-4f2a-bf4a-2895809acadc	OPTIONS	/api/auth/login	http://localhost:3000
20230817	13:18:01	5d6ae8d0-d547-42d8-b679-a45ca0627653	POST	/api/auth/login	http://localhost:3000
20230817	13:18:01	dfd8fcfa-7e44-41dc-99d5-f468501d7a27	OPTIONS	/api/auth/profile	http://localhost:3000
20230817	13:18:01	777571d6-2cbf-40f0-932c-d03e433b7d61	GET	/api/auth/profile	http://localhost:3000
20230817	17:35:00	4a968893-1586-430b-954d-793494b5971c	OPTIONS	/api/auth/login	http://localhost:3000
20230817	17:35:00	5dcbabcd-2e05-48b3-99ec-aed3ecaa9984	POST	/api/auth/login	http://localhost:3000
20230817	17:35:01	a25fed0f-8117-490b-b944-29f12ef18380	OPTIONS	/api/auth/profile	http://localhost:3000
20230817	17:35:01	c083ae48-ddac-472d-8946-53e929ba5612	GET	/api/auth/profile	http://localhost:3000
20230818	19:52:33	eea1a17f-3c67-40c3-810b-969724abd218	OPTIONS	/api/auth/login	http://localhost:3000
20230818	19:52:33	bbc07929-170d-46bb-a69a-1fc11ecddc05	POST	/api/auth/login	http://localhost:3000
20230818	19:52:34	4c3b4f31-03ef-470a-8df1-53f4d241d8f2	OPTIONS	/api/auth/profile	http://localhost:3000
20230818	19:52:34	144a004e-162b-4405-b333-7942a5f49a6c	GET	/api/auth/profile	http://localhost:3000
20230818	19:52:50	2a077cb4-0d2b-469c-a49f-41e930b3e94d	OPTIONS	/api/auth/profile	http://localhost:3000
20230818	19:52:50	97995ecd-cad5-4d7a-afd0-0933b545dcf3	GET	/api/auth/profile	http://localhost:3000
20230818	19:53:29	eb104b76-48b8-41e6-af94-44727bca8941	OPTIONS	/api/auth/profile	http://localhost:3000
20230818	19:53:29	445659e5-8c55-49a6-aab7-6c250c746cbe	GET	/api/auth/profile	http://localhost:3000
20230818	19:58:30	1a297ac3-b252-4921-a45a-34390ff5fe9e	OPTIONS	/api/auth/profile	http://localhost:3000
20230818	19:58:30	d030c965-98b3-4662-9c88-a1bf543b6891	GET	/api/auth/profile	http://localhost:3000
20230818	19:58:39	b4147001-1c83-49da-b216-91913c3bfcb0	GET	/api/auth/refresh	http://localhost:3000
20230818	19:58:49	d0cab6a8-29b5-43e0-8c6a-a4a16d87d135	GET	/api/auth/refresh	http://localhost:3000
20230818	19:58:59	a73ffcdf-033c-43bb-a77c-7c04ceba2f21	GET	/api/auth/refresh	http://localhost:3000
20230818	19:59:10	230d39ca-46a6-4546-b084-682250bb42cc	GET	/api/auth/refresh	http://localhost:3000
20230818	19:59:19	c1f28460-3e49-469d-a4b4-3ebb77f6f371	GET	/api/auth/refresh	http://localhost:3000
20230818	19:59:31	030f542b-f3ee-43c5-b22a-854ff09509b5	OPTIONS	/api/auth/profile	http://localhost:3000
20230818	19:59:31	34865808-2e0a-4c62-a2a9-0c4aaa9ea940	GET	/api/auth/profile	http://localhost:3000
20230818	19:59:41	cb7c959b-bdc0-4323-993c-0b6be7637701	OPTIONS	/api/auth/refresh	http://localhost:3000
20230818	19:59:41	af20adf2-640f-49a9-bf5f-f266203adcba	GET	/api/auth/refresh	http://localhost:3000
20230818	19:59:51	74011e6f-7f6d-46c0-b640-143a87614a8e	OPTIONS	/api/auth/refresh	http://localhost:3000
20230818	19:59:51	91ccc02b-534e-4368-a702-68ee2850608d	GET	/api/auth/refresh	http://localhost:3000
20230818	20:00:01	dd1ae58e-b960-4747-8ad2-9085a2220983	OPTIONS	/api/auth/refresh	http://localhost:3000
20230818	20:00:01	c0c1073b-ed50-4391-911c-37bd1af8c4ff	GET	/api/auth/refresh	http://localhost:3000
20230818	20:00:11	1d3a0821-a4c8-4083-b017-1edc625e0210	OPTIONS	/api/auth/refresh	http://localhost:3000
20230818	20:00:12	889bdc1b-03ad-45a7-89e0-7009286a0a2b	GET	/api/auth/refresh	http://localhost:3000
20230818	20:00:21	b002ae38-167c-45f8-8e83-220cc691f706	OPTIONS	/api/auth/refresh	http://localhost:3000
20230818	20:00:21	3fdf1fe8-ad79-4c05-83ac-1ae24b9ac3ca	GET	/api/auth/refresh	http://localhost:3000
20230818	20:00:31	10671f37-6a4b-46f1-9bd0-58e4f89450ae	OPTIONS	/api/auth/refresh	http://localhost:3000
20230818	20:00:31	67b58b0b-1734-47bb-abd9-d232f6ca9a24	GET	/api/auth/refresh	http://localhost:3000
20230818	20:00:41	f07e3b21-7b8e-4426-aa71-8af2aa43c7f3	OPTIONS	/api/auth/refresh	http://localhost:3000
20230818	20:00:41	5e787b42-c0d1-4dd5-867b-b1c696c078ce	GET	/api/auth/refresh	http://localhost:3000
20230818	20:00:52	090a1b78-cd76-4243-a80f-7221c47115e4	OPTIONS	/api/auth/refresh	http://localhost:3000
20230818	20:00:52	cdd834f5-b5ce-4c47-8d19-a1be59a81eac	GET	/api/auth/refresh	http://localhost:3000
20230818	20:01:10	e2361d31-cbb9-4130-be61-6921326b0b46	OPTIONS	/api/auth/refresh	http://localhost:3000
20230818	20:01:10	6a1bf7df-b462-48e4-8fd4-e199825388cb	GET	/api/auth/refresh	http://localhost:3000
20230818	20:01:11	b49e9fab-eb0b-487d-8898-0d91c59666ae	GET	/api/auth/refresh	http://localhost:3000
20230818	20:01:21	b687ebe0-a3ce-4ed8-abc6-5f43b2228265	OPTIONS	/api/auth/refresh	http://localhost:3000
20230818	20:01:21	d4995450-2eb2-4e75-b476-5b4659a2684f	GET	/api/auth/refresh	http://localhost:3000
20230818	20:01:31	e0c9490f-408d-4e0d-a613-2fdb2c3df765	OPTIONS	/api/auth/refresh	http://localhost:3000
20230818	20:01:31	658a47d8-ff2d-421f-8c02-c8aac8319d8e	GET	/api/auth/refresh	http://localhost:3000
20230818	20:01:41	143db8ff-70bc-4274-8e04-34867834bee0	OPTIONS	/api/auth/refresh	http://localhost:3000
20230818	20:01:41	6816f4ce-30d9-4976-8ae8-140d31583e9c	GET	/api/auth/refresh	http://localhost:3000
20230818	20:01:51	43da7e10-045d-4cdc-b2df-d0034d497b91	OPTIONS	/api/auth/refresh	http://localhost:3000
20230818	20:01:52	98f59dc7-cc6e-472b-bcb7-99055936b05c	GET	/api/auth/refresh	http://localhost:3000
20230818	20:02:01	bf3165f8-ad28-458a-b2ec-e6f1b2d4cfb3	OPTIONS	/api/auth/refresh	http://localhost:3000
20230818	20:02:01	59a4edd1-dd7f-403a-b719-12b04d6b6649	GET	/api/auth/refresh	http://localhost:3000
20230818	20:02:22	5d3ed9d5-b5ba-4772-b47d-4c01900b758a	OPTIONS	/api/auth/refresh	http://localhost:3000
20230818	20:02:22	0ea75b06-fe66-432f-bebb-60668c9202e0	GET	/api/auth/refresh	http://localhost:3000
20230818	20:02:29	38d43308-9f4b-44d7-87a1-11babb97a9fa	OPTIONS	/api/auth/profile	http://localhost:3000
20230818	20:02:29	3b50364f-9852-4801-92c6-5bd45847b1ac	GET	/api/auth/profile	http://localhost:3000
20230818	20:02:39	eb6eed80-569d-4fae-8807-12301ad55c5d	OPTIONS	/api/auth/refresh	http://localhost:3000
20230818	20:02:39	1ed466c6-cd19-4efc-a049-186074a93693	GET	/api/auth/refresh	http://localhost:3000
20230818	20:02:49	ff408ca1-5d14-416b-9c4b-0b35411afb03	OPTIONS	/api/auth/refresh	http://localhost:3000
20230818	20:02:49	121229bf-9b6f-409c-adea-b32f0e3b24fa	GET	/api/auth/refresh	http://localhost:3000
20230818	20:02:59	eeba730e-d209-470d-a7e6-b256fdff0a78	OPTIONS	/api/auth/refresh	http://localhost:3000
20230818	20:02:59	1fd9c22c-467f-4c88-b3a7-ccfc60e4b19b	GET	/api/auth/refresh	http://localhost:3000
20230818	20:03:09	5b8e304a-2dbf-4c1b-84ef-26687defc132	OPTIONS	/api/auth/refresh	http://localhost:3000
20230818	20:03:10	0a6183dd-a7d9-47c0-9b55-bc4e3c8e62c8	GET	/api/auth/refresh	http://localhost:3000
20230818	20:03:19	520b2c46-b88b-4838-a80b-bac2981a3784	OPTIONS	/api/auth/refresh	http://localhost:3000
20230818	20:03:19	ac77ca44-eacb-4e79-9b9e-06a6b23d180a	GET	/api/auth/refresh	http://localhost:3000
20230818	20:03:29	b747f8af-5df9-4d1a-a03f-4e3d68c23273	OPTIONS	/api/auth/refresh	http://localhost:3000
20230818	20:03:29	8959a0f1-cd52-49e1-97b6-bc431363508e	GET	/api/auth/refresh	http://localhost:3000
20230818	20:03:39	34bb701d-38d9-4952-a46d-244fc1c3e0a5	OPTIONS	/api/auth/refresh	http://localhost:3000
20230818	20:03:40	356dd5ba-d25c-47d0-a045-ce5c1260eb84	GET	/api/auth/refresh	http://localhost:3000
20230818	20:04:49	ed3dc9f1-2589-4045-bc78-cf4e414192aa	OPTIONS	/api/auth/profile	http://localhost:3000
20230818	20:04:49	ee4b339a-179b-43f5-87d2-a773f4b03b7e	GET	/api/auth/profile	http://localhost:3000
20230818	20:04:59	bf69a90e-3958-4781-a964-738b348c9438	OPTIONS	/api/auth/refresh	http://localhost:3000
20230818	20:04:59	fdb72fb2-65b7-4ad4-b744-56abb5b0b2ea	GET	/api/auth/refresh	http://localhost:3000
20230818	20:05:09	368b1697-9d96-4196-8c19-669d71f0687b	OPTIONS	/api/auth/refresh	http://localhost:3000
20230818	20:05:10	38913700-b9dc-441e-8376-90a46f2ec118	GET	/api/auth/refresh	http://localhost:3000
20230818	20:05:19	9b1c61e5-e2ba-4e48-98d4-a4d035d39d4d	OPTIONS	/api/auth/refresh	http://localhost:3000
20230818	20:05:19	aa246e35-2e82-4aff-9452-527128d3d67e	GET	/api/auth/refresh	http://localhost:3000
20230818	20:05:30	5de84cf8-47a1-4322-988a-453b7686343d	OPTIONS	/api/auth/refresh	http://localhost:3000
20230818	20:05:30	0d004e65-5765-4b4a-8b82-95dd3a58cca2	GET	/api/auth/refresh	http://localhost:3000
20230818	20:05:40	b17a4063-6c64-4048-a987-ce5b79db99fc	OPTIONS	/api/auth/profile	http://localhost:3000
20230818	20:05:40	addec522-53f7-43c0-bc78-1bef69e0292a	GET	/api/auth/profile	http://localhost:3000
20230818	20:05:50	317cde9e-0599-4fa9-9ef5-63ef78e5ffc5	OPTIONS	/api/auth/refresh	http://localhost:3000
20230818	20:05:50	a1e22533-d148-44c0-ac66-1d3df68cbc1b	GET	/api/auth/refresh	http://localhost:3000
20230818	20:06:00	cb33a49e-3390-4891-9583-1b1ce8621e11	OPTIONS	/api/auth/refresh	http://localhost:3000
20230818	20:06:00	5922cc03-2b34-49ab-b924-438d2c81ddd8	GET	/api/auth/refresh	http://localhost:3000
20230818	20:06:10	c9df34d4-0e5a-4797-b1d3-9ae0aa9aecda	OPTIONS	/api/auth/refresh	http://localhost:3000
20230818	20:06:10	8b2a51c6-955a-4728-a86f-f6ab551afebf	GET	/api/auth/refresh	http://localhost:3000
20230818	20:06:20	58dc1d67-345c-400b-9da8-d366de42555b	OPTIONS	/api/auth/refresh	http://localhost:3000
20230818	20:06:20	579246b4-786b-4982-b45a-5ffc69f95fa3	GET	/api/auth/refresh	http://localhost:3000
20230818	20:06:36	575c2636-c99d-4cf9-a01d-b997d74c2d44	OPTIONS	/api/auth/refresh	http://localhost:3000
20230818	20:06:36	3d71b93c-c314-4d97-a0dd-6305fa8646be	GET	/api/auth/refresh	http://localhost:3000
20230818	20:06:40	7b5a8d10-1c97-4322-9e9e-3be29c05b587	GET	/api/auth/refresh	http://localhost:3000
20230818	20:06:50	35efcb77-f891-4b83-9506-b2699e76fbdb	OPTIONS	/api/auth/refresh	http://localhost:3000
20230818	20:06:50	618de96f-77a5-4052-b8ab-25486a441763	GET	/api/auth/refresh	http://localhost:3000
20230818	20:07:00	631db0e0-fb84-4489-a8d7-95a588dab204	OPTIONS	/api/auth/refresh	http://localhost:3000
20230818	20:07:01	8918aa60-46ca-4af4-9324-57f42597c54a	GET	/api/auth/refresh	http://localhost:3000
20230818	20:07:10	b2044389-b686-4d62-b7d4-e634a9488445	OPTIONS	/api/auth/refresh	http://localhost:3000
20230818	20:07:10	0fbdfc38-7329-4552-a21a-9391e8bda9bf	GET	/api/auth/refresh	http://localhost:3000
20230818	20:07:20	59fc1c0e-2e3e-467c-bfa3-a81b1b37eae7	OPTIONS	/api/auth/refresh	http://localhost:3000
20230818	20:07:21	fe93c082-331b-498c-934c-67b128445267	GET	/api/auth/refresh	http://localhost:3000
20230818	20:07:30	86799670-403b-4b11-b319-309fe816f238	OPTIONS	/api/auth/refresh	http://localhost:3000
20230818	20:07:31	da21e813-4afc-4982-9165-1c7d3518b0dc	GET	/api/auth/refresh	http://localhost:3000
20230818	20:07:40	3295a08b-57e3-4c3f-93a3-e7302b48e9de	OPTIONS	/api/auth/refresh	http://localhost:3000
20230818	20:07:40	7a59689b-e0d9-4dab-b324-1ca827d8ac41	GET	/api/auth/refresh	http://localhost:3000
20230818	20:07:50	30190145-c516-4d7c-a3fd-3c7e4484c7ce	OPTIONS	/api/auth/refresh	http://localhost:3000
20230818	20:07:51	fa406ebe-d9d4-4e31-9cc7-712d1322eed5	GET	/api/auth/refresh	http://localhost:3000
20230818	20:08:00	2e66411c-e2ec-43f0-b8f1-72b6d259f9e8	OPTIONS	/api/auth/refresh	http://localhost:3000
20230818	20:08:00	b3c477c3-488f-4b13-a53a-e698b484b9ee	GET	/api/auth/refresh	http://localhost:3000
20230818	20:08:10	9c411fea-f425-4ab4-a984-8426419af94a	OPTIONS	/api/auth/refresh	http://localhost:3000
20230818	20:08:10	1c149cb9-efed-4e9c-8ec8-149f3bd39cd2	GET	/api/auth/refresh	http://localhost:3000
20230818	20:08:20	f46b77a4-eca3-40f8-9d45-92fd1207466e	OPTIONS	/api/auth/refresh	http://localhost:3000
20230818	20:08:20	30650c84-1fee-46b6-902a-6eee5ab075a1	GET	/api/auth/refresh	http://localhost:3000
20230818	20:08:30	75c21da4-0c85-4040-ba68-31f75db71e9a	OPTIONS	/api/auth/refresh	http://localhost:3000
20230818	20:08:30	a1641e19-a6fb-45a6-b06d-287712a071f6	GET	/api/auth/refresh	http://localhost:3000
20230818	20:08:40	138a5358-62e6-40a7-90a1-3ff06379d8ed	OPTIONS	/api/auth/refresh	http://localhost:3000
20230818	20:08:40	63ce3541-8ef4-4c38-9139-c6620061e0a8	GET	/api/auth/refresh	http://localhost:3000
20230818	20:08:50	1b37f12c-3199-4050-9a27-6f272e531c56	OPTIONS	/api/auth/refresh	http://localhost:3000
20230818	20:08:51	e864d441-9ac3-4595-9e31-42543d96634e	GET	/api/auth/refresh	http://localhost:3000
20230818	20:09:00	df7c6fdc-cc14-4f14-b3d8-81cff1611aa6	OPTIONS	/api/auth/refresh	http://localhost:3000
20230818	20:09:00	62fc423f-4bf6-4e45-a9ae-cd9d587668b8	GET	/api/auth/refresh	http://localhost:3000
20230818	20:09:11	f515cea3-1fa6-4929-9900-e393389625f3	OPTIONS	/api/auth/refresh	http://localhost:3000
20230818	20:09:11	ddf899b7-a211-470f-8432-2f5e3279546b	GET	/api/auth/refresh	http://localhost:3000
20230818	20:09:20	a99f5d9e-29d9-4e8b-ae9d-28277897be66	OPTIONS	/api/auth/refresh	http://localhost:3000
20230818	20:09:20	836e1ac7-ca80-4a5f-8cb2-2fcdf4adc790	GET	/api/auth/refresh	http://localhost:3000
20230818	20:09:30	5c83cd96-4f69-435a-bbc2-233b7c0f4d79	OPTIONS	/api/auth/refresh	http://localhost:3000
20230818	20:09:30	d57fe167-d241-43a4-a4be-f9123c63f236	GET	/api/auth/refresh	http://localhost:3000
20230818	20:09:40	7271285c-c09d-4904-ae0d-4ab96601d315	OPTIONS	/api/auth/refresh	http://localhost:3000
20230818	20:09:40	412e66c9-a1d2-4cf5-af36-baf7278b83ee	GET	/api/auth/refresh	http://localhost:3000
20230818	20:09:50	962358ca-2eec-47d2-a6a3-90b47a778588	OPTIONS	/api/auth/refresh	http://localhost:3000
20230818	20:09:50	3366b650-7a2a-45a6-b80d-f6ee5f4abdf8	GET	/api/auth/refresh	http://localhost:3000
20230818	20:10:00	97f54101-3b3f-46fc-8e19-e64c1432dbcc	OPTIONS	/api/auth/refresh	http://localhost:3000
20230818	20:10:00	069f3b35-8c89-4a4d-a16f-1268b99270f8	GET	/api/auth/refresh	http://localhost:3000
20230818	20:10:10	6bea553f-2343-4c7b-8a05-0710a9956102	OPTIONS	/api/auth/refresh	http://localhost:3000
20230818	20:10:11	0c495a30-af81-412f-b0ec-08cff714d9c7	GET	/api/auth/refresh	http://localhost:3000
20230818	20:10:20	35e00d59-2042-44a2-bb9a-b6928621222a	OPTIONS	/api/auth/refresh	http://localhost:3000
20230818	20:10:20	9d6fb173-0ac0-413c-9126-79c70b774481	GET	/api/auth/refresh	http://localhost:3000
20230818	20:10:30	d17ab555-1f67-4e56-a340-0da36ac76586	OPTIONS	/api/auth/refresh	http://localhost:3000
20230818	20:10:30	840f8b66-ee46-4335-8e4d-1f3260d46d23	GET	/api/auth/refresh	http://localhost:3000
20230818	20:10:40	20dc3831-6916-4b74-98d2-d2e518396622	OPTIONS	/api/auth/refresh	http://localhost:3000
20230818	20:10:40	e92669b6-fff7-4543-b548-831f0b09dde0	GET	/api/auth/refresh	http://localhost:3000
20230818	20:10:50	6af609ea-ae7d-4a87-9c0b-1b4eb6e9d891	OPTIONS	/api/auth/refresh	http://localhost:3000
20230818	20:10:50	33c858f1-185f-4e3b-a09e-0e4904d922f5	GET	/api/auth/refresh	http://localhost:3000
20230818	20:11:00	931ded04-06ac-45aa-beb5-4cb79771995c	OPTIONS	/api/auth/refresh	http://localhost:3000
20230818	20:11:01	6fb68a93-fd2b-4693-8d84-1550604b5035	GET	/api/auth/refresh	http://localhost:3000
20230818	20:11:10	b064caaa-3463-4e5a-ad33-810e26a8b62e	OPTIONS	/api/auth/refresh	http://localhost:3000
20230818	20:11:10	739e925c-b262-4596-b701-5de5de022e38	GET	/api/auth/refresh	http://localhost:3000
20230818	20:11:20	8087defd-2b41-4a68-9848-c2cbf05f7151	OPTIONS	/api/auth/refresh	http://localhost:3000
20230818	20:11:20	288122f0-7b78-4d34-ac6b-eb312fed023f	GET	/api/auth/refresh	http://localhost:3000
20230818	20:11:30	f5f26af0-0952-43e7-901d-6b9f6d99a775	OPTIONS	/api/auth/refresh	http://localhost:3000
20230818	20:11:30	3d5fde01-a8fb-41df-870d-481567a56ad3	GET	/api/auth/refresh	http://localhost:3000
20230818	20:11:48	01113968-2d49-465c-8ad1-86b71a3db88c	OPTIONS	/api/auth/refresh	http://localhost:3000
20230818	20:11:48	20a12df2-9491-4347-8c60-97e9c9db313e	GET	/api/auth/refresh	http://localhost:3000
20230818	20:12:48	a811060c-679f-4478-823a-674918f7f138	OPTIONS	/api/auth/refresh	http://localhost:3000
20230818	20:12:48	6588b016-a035-4ebb-bf75-15155a9179c2	GET	/api/auth/refresh	http://localhost:3000
20230818	20:13:48	fbbef532-f7f4-4a7d-ad87-9de759a5cb8f	OPTIONS	/api/auth/refresh	http://localhost:3000
20230818	20:13:48	2b335852-8da8-489b-bcd1-2d4480816b56	GET	/api/auth/refresh	http://localhost:3000
20230818	20:14:48	e949c242-6f82-4373-a063-a189a8d8a4ab	OPTIONS	/api/auth/refresh	http://localhost:3000
20230818	20:14:48	68361821-8e9a-4e43-9b2d-7172ee64b44e	GET	/api/auth/refresh	http://localhost:3000
20230818	20:15:48	ddb436ad-4570-46c1-93f3-a1b33e2e8fa9	OPTIONS	/api/auth/refresh	http://localhost:3000
20230818	20:15:48	11f8580e-3902-44f9-a386-feb55114cb64	GET	/api/auth/refresh	http://localhost:3000
20230818	20:16:48	72d1b417-c20c-404a-a16b-db4a315c47c2	OPTIONS	/api/auth/refresh	http://localhost:3000
20230818	20:16:48	e5dc7c26-992c-4bf1-8a6d-d184290984ff	GET	/api/auth/refresh	http://localhost:3000
20230818	20:17:48	d6793455-62df-4b28-89b6-515a822cb9d9	OPTIONS	/api/auth/refresh	http://localhost:3000
20230818	20:17:48	8ceef43d-01ae-4a07-a3bb-fc932ab12dae	GET	/api/auth/refresh	http://localhost:3000
20230818	20:18:48	4619ffa7-14c9-4421-aac9-e69ad314949d	OPTIONS	/api/auth/refresh	http://localhost:3000
20230818	20:18:48	cfbcb03c-ae3a-4640-8a6b-37aa8399c05d	GET	/api/auth/refresh	http://localhost:3000
20230818	20:19:48	4dfc069a-8f52-4247-a02e-5fb287ca6053	OPTIONS	/api/auth/refresh	http://localhost:3000
20230818	20:19:49	23fe01a8-4805-4e59-85dd-fc45105a2be7	GET	/api/auth/refresh	http://localhost:3000
20230818	20:23:46	fc16134d-79ac-46b5-b69f-ce8b2f4dddb4	OPTIONS	/api/auth/refresh	http://localhost:3000
20230818	20:23:46	044b36d3-8301-4f98-bae1-7d6975dd3717	GET	/api/auth/refresh	http://localhost:3000
20230818	20:24:48	7af4dd06-7691-4bd1-bec2-c54d81a777a4	OPTIONS	/api/auth/refresh	http://localhost:3000
20230818	20:24:48	8978c16c-ba3a-4cb7-99b7-eabc2d8b59c0	GET	/api/auth/refresh	http://localhost:3000
20230818	20:25:48	97a1a6c2-0a48-481d-993b-03f8262781a5	OPTIONS	/api/auth/refresh	http://localhost:3000
20230818	20:25:48	2e177a79-f8b6-4096-9652-bd7dde8a5e98	GET	/api/auth/refresh	http://localhost:3000
20230818	20:26:49	08f421aa-9a51-47f1-a829-cde068ebde67	OPTIONS	/api/auth/refresh	http://localhost:3000
20230818	20:26:49	3319dcab-c31c-47be-b031-a019d3cc9bd5	GET	/api/auth/refresh	http://localhost:3000
20230818	20:27:49	0fe7af49-4cad-47a1-a5d6-402fa20a7d61	OPTIONS	/api/auth/refresh	http://localhost:3000
20230818	20:27:49	6a32d6ad-3703-4591-81fb-53e8c9b1b220	GET	/api/auth/refresh	http://localhost:3000
20230818	20:28:48	a16fce64-efcb-483a-831e-c995ddc134d4	OPTIONS	/api/auth/refresh	http://localhost:3000
20230818	20:28:49	297009fc-a78e-40aa-959f-cab65e918f22	GET	/api/auth/refresh	http://localhost:3000
20230818	20:29:49	cedac76b-ec45-40d8-9d9a-aa3f12d9162c	OPTIONS	/api/auth/refresh	http://localhost:3000
20230818	20:29:49	9eb30895-2f5f-47a1-8dfc-8e16bc239726	GET	/api/auth/refresh	http://localhost:3000
20230818	20:30:48	51424366-7f43-4fe2-ba16-6543e52d1a25	OPTIONS	/api/auth/refresh	http://localhost:3000
20230818	20:30:49	e00c85a2-f8cb-405c-b36e-398c095f01bf	GET	/api/auth/refresh	http://localhost:3000
20230818	20:31:48	8e3c7dcb-12ec-4fd2-80db-ebb4b3314176	OPTIONS	/api/auth/refresh	http://localhost:3000
20230818	20:31:48	9ba8584f-3f18-4dc5-8ab0-68d0d3ee3df6	GET	/api/auth/refresh	http://localhost:3000
20230818	20:32:31	eef2b9f3-cc8f-42e2-ba1a-417e62aee45c	OPTIONS	/api/auth/refresh	http://localhost:3000
20230818	20:32:31	9c2b8d75-3aff-42e1-9665-95740b9a8464	GET	/api/auth/refresh	http://localhost:3000
20230818	20:33:12	4772a9e3-73ee-4c1d-9aee-7cbb9469fdfe	OPTIONS	/api/auth/refresh	http://localhost:3000
20230818	20:33:12	b9008a90-2ec2-4d0d-bf37-9df2df59919e	GET	/api/auth/refresh	http://localhost:3000
20230818	20:33:22	c286ff97-a57f-4cbb-8b2e-c298125a5720	OPTIONS	/api/auth/refresh	http://localhost:3000
20230818	20:33:22	75297b67-85cb-46f7-8f0b-c0927ab25a36	GET	/api/auth/refresh	http://localhost:3000
20230818	20:33:25	6dd56052-4fa4-40d9-987d-67a335a035a6	OPTIONS	/api/auth/login	http://localhost:3000
20230818	20:33:25	ca94f0cf-9c04-4dfd-805e-0ae20908c39a	POST	/api/auth/login	http://localhost:3000
20230818	20:33:26	c7fc8a68-fde2-4a6b-9ce3-ca0b60967506	OPTIONS	/api/auth/profile	http://localhost:3000
20230818	20:33:26	fea51055-688a-4d89-b24b-0efa737279aa	GET	/api/auth/profile	http://localhost:3000
20230818	20:33:32	ff45bd86-f799-48fa-a770-73bc9343bf9c	OPTIONS	/api/auth/refresh	http://localhost:3000
20230818	20:33:32	bd8d3653-6ef4-4106-b573-59df9e244ea6	GET	/api/auth/refresh	http://localhost:3000
20230818	20:33:32	585f098f-78dd-47d5-aeb1-342818095658	OPTIONS	/api/auth/profile	http://localhost:3000
20230818	20:33:32	5d01fcd8-dce9-4e38-b880-715000184166	GET	/api/auth/profile	http://localhost:3000
20230818	20:33:42	53612730-883d-417a-aef0-e2cf7344889d	OPTIONS	/api/auth/refresh	http://localhost:3000
20230818	20:33:42	ba48963a-1c14-455d-a9de-12b73be9f623	GET	/api/auth/refresh	http://localhost:3000
20230818	20:33:42	56b6964b-c7e3-45b9-931d-27e20a0667a0	OPTIONS	/api/auth/profile	http://localhost:3000
20230818	20:33:42	d73faee6-82da-4a4a-a996-80dddbee4aed	GET	/api/auth/profile	http://localhost:3000
20230818	20:33:52	7cb2d31e-d56f-4160-96cb-9ff9a0d411a1	OPTIONS	/api/auth/refresh	http://localhost:3000
20230818	20:33:53	52303fc8-1a09-4c83-a3ff-bd9e9622540b	GET	/api/auth/refresh	http://localhost:3000
20230818	20:33:53	82397b2f-fef7-466e-aea5-50d1ce59ffeb	OPTIONS	/api/auth/profile	http://localhost:3000
20230818	20:33:53	c68d6779-7f22-4b6e-93f4-a7e935f2213a	GET	/api/auth/profile	http://localhost:3000
20230818	20:34:03	b49637b0-5a41-4df0-b70a-3f7db35675eb	OPTIONS	/api/auth/profile	http://localhost:3000
20230818	20:34:03	e211588d-091c-42c9-adc3-e1d853a415ae	GET	/api/auth/profile	http://localhost:3000
20230818	20:34:13	78f04c84-ab4a-4c1f-8a42-6eef782feed4	OPTIONS	/api/auth/refresh	http://localhost:3000
20230818	20:34:13	d8a5b448-1a02-45a8-98f5-a7b17c57a04b	GET	/api/auth/refresh	http://localhost:3000
20230818	20:34:23	7324cb67-e0d7-43ea-be26-15cfa045f006	OPTIONS	/api/auth/refresh	http://localhost:3000
20230818	20:34:23	8c52c210-18a5-4997-915e-8a8283425376	GET	/api/auth/refresh	http://localhost:3000
20230818	20:34:33	b2ea8284-30af-4cd0-b256-4034f7dd1254	OPTIONS	/api/auth/refresh	http://localhost:3000
20230818	20:34:33	7913730f-651a-444e-9b8d-6f84520088b8	GET	/api/auth/refresh	http://localhost:3000
20230818	20:34:45	cbc83662-1856-47a4-8017-43545c599965	OPTIONS	/api/auth/profile	http://localhost:3000
20230818	20:34:45	5cf1f538-1883-44b3-8975-8f86d3f0475d	GET	/api/auth/profile	http://localhost:3000
20230818	20:34:55	ca62d49b-b269-4857-bfd4-3325ba2e227f	OPTIONS	/api/auth/refresh	http://localhost:3000
20230818	20:34:55	ff312c2b-dc66-4d11-929c-5e4bd978b464	GET	/api/auth/refresh	http://localhost:3000
20230818	20:35:05	736f63d8-1272-4118-9122-2a4fb2d55960	OPTIONS	/api/auth/refresh	http://localhost:3000
20230818	20:35:05	fa457ee0-aa02-4fe7-b712-2101f440b7f0	GET	/api/auth/refresh	http://localhost:3000
20230818	20:35:15	005678e0-f73d-4241-954e-24f004474fe6	OPTIONS	/api/auth/refresh	http://localhost:3000
20230818	20:35:16	3e174859-7019-4e7f-bd7f-455c5c083308	GET	/api/auth/refresh	http://localhost:3000
20230818	20:35:24	a9531da7-b4e4-41bd-9445-9beb1f6bdf8d	OPTIONS	/api/auth/profile	http://localhost:3000
20230818	20:35:24	fffe0bdc-558c-4e7b-82e0-d8b12000b461	GET	/api/auth/profile	http://localhost:3000
20230818	20:35:34	0a6531bb-ba1b-4ebb-8689-d1d0b87adf18	OPTIONS	/api/auth/refresh	http://localhost:3000
20230818	20:35:34	cc331fdd-9d19-45e7-96fc-cdf133e45145	GET	/api/auth/refresh	http://localhost:3000
20230818	20:35:44	23c1792c-74fc-47e5-8bbb-53e68a696f0f	OPTIONS	/api/auth/refresh	http://localhost:3000
20230818	20:35:44	0bbf38fd-a986-4950-ae93-bca45bbbd8fa	GET	/api/auth/refresh	http://localhost:3000
20230818	20:35:54	135c4934-068a-47e5-b134-712b5b5e5802	OPTIONS	/api/auth/refresh	http://localhost:3000
20230818	20:35:54	513d3cff-a05b-460a-94da-271752a2df63	GET	/api/auth/refresh	http://localhost:3000
20230818	20:36:04	b5489820-bb33-4521-8705-b9ed877aa2d7	OPTIONS	/api/auth/refresh	http://localhost:3000
20230818	20:36:04	85c5c7d2-5579-4dcc-b3fb-d09f218650bf	GET	/api/auth/refresh	http://localhost:3000
20230818	20:36:31	42fde7c9-3baf-4011-9a7f-677ae29495dc	OPTIONS	/api/auth/profile	http://localhost:3000
20230818	20:36:31	f4f91df9-7186-4e4a-b7e3-9461a8a189eb	GET	/api/auth/profile	http://localhost:3000
20230818	20:36:36	e4514bd9-c7b2-40b3-bf75-09b38b9432b0	GET	/api/auth/profile	http://localhost:3000
20230818	20:36:46	7bfd6c19-01ce-4a41-94f5-d7e76e6c310f	OPTIONS	/api/auth/refresh	http://localhost:3000
20230818	20:36:46	661e1fa0-2482-4a44-9227-27e91b614254	GET	/api/auth/refresh	http://localhost:3000
20230818	20:36:46	1405f5aa-0402-4303-bcc5-88381c7d6efa	OPTIONS	/api/auth/profile	http://localhost:3000
20230818	20:36:46	b1d76b78-d8de-4d75-807b-c13b2ac0f29c	GET	/api/auth/profile	http://localhost:3000
20230818	20:36:57	983c9667-9f34-4bde-952b-9db0687d2c4c	OPTIONS	/api/auth/refresh	http://localhost:3000
20230818	20:36:57	b51176ee-4076-454e-b69b-7dbe7d6f5dfb	GET	/api/auth/refresh	http://localhost:3000
20230818	20:36:57	b22e8df4-5ca0-4296-8a5b-e5c52b39787d	OPTIONS	/api/auth/profile	http://localhost:3000
20230818	20:36:57	3c842668-bf28-491e-b733-7e542764aeb9	GET	/api/auth/profile	http://localhost:3000
20230818	20:37:05	2f32ca23-bed2-41f6-8661-ab0b1588a1ef	OPTIONS	/api/auth/profile	http://localhost:3000
20230818	20:37:05	561495db-f3ae-4a0e-ac8c-f829c0c0bc6f	GET	/api/auth/profile	http://localhost:3000
20230818	20:37:57	100a2ffe-e503-44a2-8146-4958ac443d17	OPTIONS	/api/auth/profile	http://localhost:3000
20230818	20:37:57	866e397e-ba7a-4c42-8bd8-2e348ab3a016	GET	/api/auth/profile	http://localhost:3000
20230819	09:19:28	57370bec-6827-4b2a-bd79-3568146d8eef	OPTIONS	/api/auth/login	http://localhost:3000
20230819	09:19:28	177ee10d-1c68-4134-b632-5bc5d9980f4a	POST	/api/auth/login	http://localhost:3000
20230819	09:19:28	194861ff-81d2-4bf9-8883-81178a1edc4b	OPTIONS	/api/auth/profile	http://localhost:3000
20230819	09:19:28	fd022eb6-9500-411a-abd0-df7332b1a0e9	GET	/api/auth/profile	http://localhost:3000
20230819	09:19:40	14a62559-5349-402b-be11-08025ae7715a	OPTIONS	/api/auth/refresh	http://localhost:3000
20230819	09:19:40	f9ad4f33-25f1-4154-a194-24c7f83d8c6a	GET	/api/auth/refresh	http://localhost:3000
20230819	09:19:40	e41b5fa0-7953-41b3-93ad-0364e22a1455	OPTIONS	/api/auth/profile	http://localhost:3000
20230819	09:19:40	2ca4a7af-0753-45f0-9d9f-1ae3ddb33106	GET	/api/auth/profile	http://localhost:3000
20230819	09:20:40	11accca9-1f63-46cb-9491-d2fb5ed12d95	OPTIONS	/api/auth/refresh	http://localhost:3000
20230819	09:20:40	7e22d23c-8e15-47a9-abf5-40a5c2b6544c	GET	/api/auth/refresh	http://localhost:3000
20230819	09:20:40	7619f28d-0a8d-4bd6-81c1-0db1abeddb1a	OPTIONS	/api/auth/profile	http://localhost:3000
20230819	09:20:40	b7de8093-dbb2-41fa-9709-2daa8f1e580d	GET	/api/auth/profile	http://localhost:3000
20230819	09:21:07	3af3c8ab-c302-4725-aac4-2b0399ff1321	OPTIONS	/api/auth/profile	http://localhost:3000
20230819	09:21:07	1febf7b8-30ee-4cb5-9e43-6a9ea4650419	GET	/api/auth/profile	http://localhost:3000
20230819	09:35:07	28de04e6-bb63-4aea-94c2-7aff4a58ccb6	OPTIONS	/api/auth/refresh	http://localhost:3000
20230819	09:35:07	f8a31e8f-6551-4548-8701-a453106bd0b4	GET	/api/auth/refresh	http://localhost:3000
20230819	09:35:07	f14abeb9-2a59-4c1d-a0d8-33478d1f8e2d	OPTIONS	/api/auth/profile	http://localhost:3000
20230819	09:35:07	23cdcc8c-211d-41fc-8a69-e9e8f3f281a4	GET	/api/auth/profile	http://localhost:3000
20230819	09:42:17	a68c268c-58a1-4637-9615-b5bbc625e131	OPTIONS	/api/auth/profile	http://localhost:3000
20230819	09:42:17	14eb9690-9118-42ad-a49a-b8894a999208	GET	/api/auth/profile	http://localhost:3000
20230819	09:45:16	062807cd-dccf-47ce-a24c-554b38e0abb6	OPTIONS	/api/auth/profile	http://localhost:3000
20230819	09:45:16	48884808-6c1f-4b5e-b393-aa63f3e867e7	GET	/api/auth/profile	http://localhost:3000
20230819	15:11:28	1bd83702-9aa3-44b0-a272-aa5235f52f55	OPTIONS	/api/auth/login	http://localhost:3000
20230819	15:11:28	f718c903-1dd0-4d1c-a4c1-6aad891d5137	POST	/api/auth/login	http://localhost:3000
20230819	15:11:29	923e4e2e-50fe-4227-a2bb-0ceb2a22ccc8	OPTIONS	/api/auth/profile	http://localhost:3000
20230819	15:11:29	7b7d958a-c02c-4c79-b622-8e7be923cc34	GET	/api/auth/profile	http://localhost:3000
20230819	15:12:45	951337fa-a1eb-4f3a-9fd6-4e3c83e7f6b0	OPTIONS	/api/auth/profile	http://localhost:3000
20230819	15:12:45	a7c23e6a-2b27-42ab-8926-382190180271	GET	/api/auth/profile	http://localhost:3000
20230819	15:15:44	2dddaf7d-736e-4e1f-949e-712c8fbc9876	OPTIONS	/api/auth/profile	http://localhost:3000
20230819	15:15:44	8e26d0be-ef3f-419a-821e-c07d352800df	GET	/api/auth/profile	http://localhost:3000
20230819	15:45:52	eccef348-c43e-425e-b8fd-ca5421eeccc0	OPTIONS	/api/auth/profile	http://localhost:3000
20230819	15:45:52	c6c129f1-1d9d-4a81-abb3-374e75cfa4de	GET	/api/auth/profile	http://localhost:3000
20230819	15:47:15	9888f873-6726-4ec5-be38-13b63f1b9a4d	OPTIONS	/api/auth/profile	http://localhost:3000
20230819	15:47:15	bc853be6-3591-4b89-8ad3-76ffe93fc7ef	GET	/api/auth/profile	http://localhost:3000
20230819	15:47:41	14753a28-9a26-4939-abfd-e379cdfc0fb4	OPTIONS	/api/auth/profile	http://localhost:3000
20230819	15:47:41	9ccd0420-76b8-4716-b2ca-ddd27aa3807c	GET	/api/auth/profile	http://localhost:3000
20230819	15:47:48	00abd1a5-89ad-498e-ab8a-438b4d9107d7	OPTIONS	/api/auth/profile	http://localhost:3000
20230819	15:47:48	0ab973e9-6a1a-4b85-bc78-b6b70ef693b4	GET	/api/auth/profile	http://localhost:3000
20230819	15:58:22	a497944e-3973-4dfc-b9b8-c9588de3b914	OPTIONS	/api/auth/login	http://localhost:3000
20230819	15:58:22	8c5f7ece-05c4-4bf0-8a62-942f1b017449	POST	/api/auth/login	http://localhost:3000
20230819	15:58:22	52df0efd-c776-4123-a7c3-1d47bb65f9a5	OPTIONS	/api/auth/profile	http://localhost:3000
20230819	15:58:22	1d2e93f4-78ef-4665-a77c-5cf6a7f5617b	GET	/api/auth/profile	http://localhost:3000
20230819	16:25:46	325af913-bcc3-4791-9144-85aa566cdd46	OPTIONS	/api/auth/profile	http://localhost:3000
20230819	16:25:46	4404b16f-ea2d-442c-b07b-7c818fc0aad0	GET	/api/auth/profile	http://localhost:3000
20230819	20:37:42	b0e15a8f-0b33-4b72-9b64-0e6c9a7e1bba	GET	/api/theme?page=1&limit=10	undefined
20230820	06:11:12	d18d87ef-9c37-4d93-9f9b-208b1c008122	POST	/api/upload	undefined
20230820	06:22:16	a462e0e3-0e83-4b7c-b597-954350dcb65c	POST	/api/upload	undefined
20230820	06:28:16	38d81360-8b03-4bb7-b58b-b7537e1e1b9f	POST	/api/upload	undefined
20230820	06:28:50	e88646f2-23e9-4e94-bef1-a3e67acf71d0	GET	/images/file_1692487696918.jpg	undefined
20230820	06:29:01	1633f754-fc47-43c7-bc16-1a58760cf258	GET	/public/images/file_1692487696918.jpg	undefined
20230820	06:31:45	04925986-7370-4716-b7d8-58f27f0e1f60	GET	/public/images/file_1692487696918.jpg	undefined
20230820	06:31:50	19076901-b96f-48c9-b8b0-7cb6c5570a41	GET	/images/file_1692487696918.jpg	undefined
20230820	06:31:50	3a076cca-2525-423f-98c1-5eec775b2934	GET	/favicon.ico	undefined
20230820	07:00:02	176ac8b1-4320-4213-92e7-08938e646ee7	POST	/api/category	undefined
20230820	07:00:30	339945f7-e90a-4c75-8ac5-516563137873	POST	/api/category	undefined
20230820	07:01:09	49d3ddba-16a4-4ed7-902d-3dc19a247de6	POST	/api/category	undefined
20230820	07:01:55	c162910a-8882-4bb4-a39f-32e2f269f2d0	GET	/api/category	undefined
20230820	07:02:16	a5bccd87-6953-480e-a023-8c5cf28c4d44	GET	/api/category	undefined
